<?xml version="1.0" encoding="UTF-8"?>
<!-- Generated by org.testng.reporters.JUnitXMLReporter -->
<testsuite ignored="0" hostname="RavikumarPC" failures="1" tests="9" name="PersonalLoan" time="0.069" errors="0" timestamp="2022-12-15T11:08:30 IST">
  <testcase classname="test1.Sample1" name="test1" time="0.005"/>
  <testcase classname="test1.Sample1" name="test2" time="0.001"/>
  <testcase classname="test1.Sample1" name="test3" time="0.0">
    <failure type="org.testng.TestNGException" message="
Parameter &amp;apos;url&amp;apos; is required by @Test on method test3 but has not been marked @Optional or defined
in E:\Eclipseworkspace\TestNgTutorial1\testng.xml">
      <![CDATA[org.testng.TestNGException: 
Parameter 'url' is required by @Test on method test3 but has not been marked @Optional or defined
in E:\Eclipseworkspace\TestNgTutorial1\testng.xml
at java.base/java.util.ArrayList.forEach(ArrayList.java:1511)
... Removed 26 stack frames]]>
    </failure>
  </testcase> <!-- test3 -->
  <testcase classname="test1.Sample3" name="APIloginHomeloan" time="0.001"/>
  <testcase classname="test1.Sample3" name="MobilelogincHomeloan" time="0.003"/>
  <testcase classname="test1.Sample3" name="usedata" time="0.001"/>
  <testcase classname="test1.Sample3" name="usedata" time="0.001"/>
  <testcase classname="test1.Sample3" name="usedata" time="0.0"/>
  <testcase classname="test1.Sample3" name="webloginHomeloan" time="0.001"/>
</testsuite> <!-- PersonalLoan -->
